<?xml version="1.0" encoding="UTF-8"?>
<coverage generated="1558253877371" clover="3.2.0">
  <project timestamp="1558253877372" name="All files">
    <metrics statements="85" coveredstatements="43" conditionals="40" coveredconditionals="25" methods="38" coveredmethods="20" elements="163" coveredelements="88" complexity="0" loc="85" ncloc="85" packages="1" files="1" classes="1"/>
    <file name="report.js" path="D:\repos\LOASystem\server\src\shared\report.js">
      <metrics statements="85" coveredstatements="43" conditionals="40" coveredconditionals="25" methods="38" coveredmethods="20"/>
      <line num="1" count="1" type="stmt"/>
      <line num="2" count="1" type="stmt"/>
      <line num="3" count="1" type="stmt"/>
      <line num="5" count="1" type="stmt"/>
      <line num="17" count="0" type="stmt"/>
      <line num="24" count="0" type="stmt"/>
      <line num="25" count="0" type="stmt"/>
      <line num="27" count="0" type="stmt"/>
      <line num="28" count="0" type="stmt"/>
      <line num="29" count="0" type="cond" truecount="0" falsecount="2"/>
      <line num="30" count="0" type="stmt"/>
      <line num="31" count="0" type="stmt"/>
      <line num="33" count="0" type="stmt"/>
      <line num="34" count="0" type="stmt"/>
      <line num="36" count="0" type="stmt"/>
      <line num="38" count="0" type="cond" truecount="0" falsecount="2"/>
      <line num="40" count="0" type="stmt"/>
      <line num="41" count="0" type="stmt"/>
      <line num="42" count="0" type="stmt"/>
      <line num="43" count="0" type="stmt"/>
      <line num="44" count="0" type="stmt"/>
      <line num="46" count="0" type="stmt"/>
      <line num="47" count="0" type="stmt"/>
      <line num="53" count="0" type="stmt"/>
      <line num="54" count="0" type="stmt"/>
      <line num="56" count="0" type="stmt"/>
      <line num="57" count="0" type="cond" truecount="0" falsecount="2"/>
      <line num="58" count="0" type="stmt"/>
      <line num="59" count="0" type="stmt"/>
      <line num="60" count="0" type="stmt"/>
      <line num="62" count="0" type="stmt"/>
      <line num="63" count="0" type="stmt"/>
      <line num="65" count="0" type="stmt"/>
      <line num="66" count="0" type="stmt"/>
      <line num="67" count="0" type="stmt"/>
      <line num="69" count="0" type="stmt"/>
      <line num="70" count="0" type="stmt"/>
      <line num="71" count="0" type="stmt"/>
      <line num="86" count="0" type="stmt"/>
      <line num="100" count="0" type="stmt"/>
      <line num="102" count="0" type="cond" truecount="0" falsecount="2"/>
      <line num="106" count="0" type="cond" truecount="0" falsecount="2"/>
      <line num="113" count="0" type="stmt"/>
      <line num="116" count="0" type="stmt"/>
      <line num="117" count="0" type="stmt"/>
      <line num="119" count="0" type="cond" truecount="0" falsecount="2"/>
      <line num="124" count="1" type="stmt"/>
      <line num="125" count="1" type="stmt"/>
      <line num="128" count="1" type="stmt"/>
      <line num="146" count="2" type="stmt"/>
      <line num="154" count="2" type="stmt"/>
      <line num="155" count="2" type="stmt"/>
      <line num="156" count="6" type="stmt"/>
      <line num="159" count="7" type="cond" truecount="4" falsecount="0"/>
      <line num="161" count="6" type="cond" truecount="2" falsecount="0"/>
      <line num="162" count="4" type="stmt"/>
      <line num="165" count="2" type="stmt"/>
      <line num="170" count="2" type="stmt"/>
      <line num="171" count="2" type="cond" truecount="2" falsecount="0"/>
      <line num="172" count="29" type="stmt"/>
      <line num="173" count="12" type="stmt"/>
      <line num="174" count="2" type="stmt"/>
      <line num="175" count="6" type="stmt"/>
      <line num="177" count="10" type="cond" truecount="2" falsecount="0"/>
      <line num="178" count="10" type="stmt"/>
      <line num="179" count="10" type="cond" truecount="2" falsecount="0"/>
      <line num="180" count="9" type="stmt"/>
      <line num="182" count="9" type="stmt"/>
      <line num="186" count="2" type="stmt"/>
      <line num="190" count="11" type="stmt"/>
      <line num="191" count="23" type="cond" truecount="4" falsecount="0"/>
      <line num="196" count="1" type="stmt"/>
      <line num="197" count="1" type="stmt"/>
      <line num="198" count="7" type="stmt"/>
      <line num="199" count="6" type="cond" truecount="2" falsecount="0"/>
      <line num="200" count="3" type="stmt"/>
      <line num="202" count="3" type="stmt"/>
      <line num="208" count="1" type="stmt"/>
      <line num="218" count="5" type="stmt"/>
      <line num="219" count="5" type="stmt"/>
      <line num="220" count="13" type="stmt"/>
      <line num="222" count="15" type="cond" truecount="3" falsecount="0"/>
      <line num="223" count="13" type="cond" truecount="2" falsecount="0"/>
      <line num="224" count="4" type="stmt"/>
      <line num="227" count="5" type="stmt"/>
    </file>
  </project>
</coverage>
