{"D:\\repos\\LOASystem\\server\\src\\shared\\report.js": {"path":"D:\\repos\\LOASystem\\server\\src\\shared\\report.js","statementMap":{"0":{"start":{"line":1,"column":10},"end":{"line":1,"column":41}},"1":{"start":{"line":2,"column":11},"end":{"line":2,"column":41}},"2":{"start":{"line":3,"column":10},"end":{"line":3,"column":35}},"3":{"start":{"line":5,"column":0},"end":{"line":14,"column":1}},"4":{"start":{"line":17,"column":4},"end":{"line":20,"column":5}},"5":{"start":{"line":24,"column":4},"end":{"line":49,"column":10}},"6":{"start":{"line":25,"column":28},"end":{"line":25,"column":92}},"7":{"start":{"line":27,"column":26},"end":{"line":27,"column":48}},"8":{"start":{"line":28,"column":28},"end":{"line":28,"column":58}},"9":{"start":{"line":29,"column":12},"end":{"line":48,"column":13}},"10":{"start":{"line":30,"column":37},"end":{"line":30,"column":51}},"11":{"start":{"line":31,"column":40},"end":{"line":35,"column":22}},"12":{"start":{"line":33,"column":24},"end":{"line":33,"column":86}},"13":{"start":{"line":34,"column":24},"end":{"line":34,"column":45}},"14":{"start":{"line":36,"column":37},"end":{"line":39,"column":54}},"15":{"start":{"line":38,"column":24},"end":{"line":39,"column":53}},"16":{"start":{"line":40,"column":35},"end":{"line":40,"column":120}},"17":{"start":{"line":41,"column":16},"end":{"line":41,"column":49}},"18":{"start":{"line":42,"column":16},"end":{"line":42,"column":55}},"19":{"start":{"line":43,"column":16},"end":{"line":43,"column":45}},"20":{"start":{"line":44,"column":16},"end":{"line":44,"column":28}},"21":{"start":{"line":46,"column":16},"end":{"line":46,"column":39}},"22":{"start":{"line":47,"column":16},"end":{"line":47,"column":28}},"23":{"start":{"line":53,"column":4},"end":{"line":73,"column":10}},"24":{"start":{"line":54,"column":28},"end":{"line":54,"column":92}},"25":{"start":{"line":56,"column":29},"end":{"line":56,"column":51}},"26":{"start":{"line":57,"column":12},"end":{"line":72,"column":13}},"27":{"start":{"line":58,"column":32},"end":{"line":58,"column":69}},"28":{"start":{"line":59,"column":37},"end":{"line":59,"column":58}},"29":{"start":{"line":60,"column":40},"end":{"line":64,"column":22}},"30":{"start":{"line":62,"column":24},"end":{"line":62,"column":86}},"31":{"start":{"line":63,"column":24},"end":{"line":63,"column":45}},"32":{"start":{"line":65,"column":16},"end":{"line":65,"column":52}},"33":{"start":{"line":66,"column":16},"end":{"line":66,"column":58}},"34":{"start":{"line":67,"column":16},"end":{"line":67,"column":31}},"35":{"start":{"line":69,"column":32},"end":{"line":69,"column":76}},"36":{"start":{"line":70,"column":16},"end":{"line":70,"column":146}},"37":{"start":{"line":70,"column":57},"end":{"line":70,"column":145}},"38":{"start":{"line":71,"column":16},"end":{"line":71,"column":31}},"39":{"start":{"line":86,"column":4},"end":{"line":96,"column":5}},"40":{"start":{"line":100,"column":4},"end":{"line":109,"column":14}},"41":{"start":{"line":102,"column":13},"end":{"line":104,"column":57}},"42":{"start":{"line":106,"column":13},"end":{"line":107,"column":93}},"43":{"start":{"line":113,"column":4},"end":{"line":120,"column":10}},"44":{"start":{"line":116,"column":27},"end":{"line":118,"column":13}},"45":{"start":{"line":117,"column":54},"end":{"line":117,"column":117}},"46":{"start":{"line":119,"column":12},"end":{"line":119,"column":77}},"47":{"start":{"line":124,"column":28},"end":{"line":124,"column":53}},"48":{"start":{"line":125,"column":55},"end":{"line":127,"column":79}},"49":{"start":{"line":128,"column":4},"end":{"line":137,"column":10}},"50":{"start":{"line":146,"column":4},"end":{"line":150,"column":7}},"51":{"start":{"line":146,"column":32},"end":{"line":150,"column":5}},"52":{"start":{"line":154,"column":19},"end":{"line":154,"column":21}},"53":{"start":{"line":155,"column":4},"end":{"line":164,"column":6}},"54":{"start":{"line":156,"column":38},"end":{"line":160,"column":53}},"55":{"start":{"line":159,"column":16},"end":{"line":160,"column":52}},"56":{"start":{"line":161,"column":8},"end":{"line":163,"column":9}},"57":{"start":{"line":162,"column":12},"end":{"line":162,"column":31}},"58":{"start":{"line":165,"column":4},"end":{"line":165,"column":18}},"59":{"start":{"line":170,"column":33},"end":{"line":170,"column":81}},"60":{"start":{"line":171,"column":19},"end":{"line":173,"column":55}},"61":{"start":{"line":172,"column":81},"end":{"line":172,"column":83}},"62":{"start":{"line":173,"column":52},"end":{"line":173,"column":54}},"63":{"start":{"line":174,"column":4},"end":{"line":185,"column":6}},"64":{"start":{"line":175,"column":8},"end":{"line":184,"column":14}},"65":{"start":{"line":177,"column":30},"end":{"line":177,"column":75}},"66":{"start":{"line":178,"column":31},"end":{"line":178,"column":76}},"67":{"start":{"line":178,"column":55},"end":{"line":178,"column":75}},"68":{"start":{"line":179,"column":16},"end":{"line":183,"column":17}},"69":{"start":{"line":180,"column":34},"end":{"line":181,"column":76}},"70":{"start":{"line":182,"column":20},"end":{"line":182,"column":66}},"71":{"start":{"line":186,"column":4},"end":{"line":186,"column":17}},"72":{"start":{"line":190,"column":4},"end":{"line":192,"column":62}},"73":{"start":{"line":191,"column":8},"end":{"line":192,"column":61}},"74":{"start":{"line":196,"column":19},"end":{"line":196,"column":21}},"75":{"start":{"line":197,"column":4},"end":{"line":207,"column":6}},"76":{"start":{"line":198,"column":25},"end":{"line":198,"column":69}},"77":{"start":{"line":198,"column":42},"end":{"line":198,"column":68}},"78":{"start":{"line":199,"column":8},"end":{"line":206,"column":9}},"79":{"start":{"line":200,"column":12},"end":{"line":200,"column":40}},"80":{"start":{"line":202,"column":12},"end":{"line":205,"column":14}},"81":{"start":{"line":208,"column":4},"end":{"line":208,"column":17}},"82":{"start":{"line":218,"column":19},"end":{"line":218,"column":21}},"83":{"start":{"line":219,"column":4},"end":{"line":226,"column":6}},"84":{"start":{"line":220,"column":45},"end":{"line":222,"column":88}},"85":{"start":{"line":222,"column":30},"end":{"line":222,"column":87}},"86":{"start":{"line":223,"column":8},"end":{"line":225,"column":9}},"87":{"start":{"line":224,"column":12},"end":{"line":224,"column":31}},"88":{"start":{"line":227,"column":4},"end":{"line":227,"column":18}}},"fnMap":{"0":{"name":"produce","decl":{"start":{"line":16,"column":9},"end":{"line":16,"column":16}},"loc":{"start":{"line":16,"column":65},"end":{"line":21,"column":1}},"line":16},"1":{"name":"produceAnnual","decl":{"start":{"line":23,"column":9},"end":{"line":23,"column":22}},"loc":{"start":{"line":23,"column":64},"end":{"line":50,"column":1}},"line":23},"2":{"name":"(anonymous_2)","decl":{"start":{"line":25,"column":16},"end":{"line":25,"column":17}},"loc":{"start":{"line":25,"column":28},"end":{"line":25,"column":92}},"line":25},"3":{"name":"(anonymous_3)","decl":{"start":{"line":26,"column":13},"end":{"line":26,"column":14}},"loc":{"start":{"line":26,"column":25},"end":{"line":49,"column":9}},"line":26},"4":{"name":"(anonymous_4)","decl":{"start":{"line":32,"column":25},"end":{"line":32,"column":26}},"loc":{"start":{"line":32,"column":43},"end":{"line":35,"column":21}},"line":32},"5":{"name":"(anonymous_5)","decl":{"start":{"line":37,"column":28},"end":{"line":37,"column":29}},"loc":{"start":{"line":38,"column":24},"end":{"line":39,"column":53}},"line":38},"6":{"name":"produceMonthly","decl":{"start":{"line":52,"column":9},"end":{"line":52,"column":23}},"loc":{"start":{"line":52,"column":72},"end":{"line":74,"column":1}},"line":52},"7":{"name":"(anonymous_7)","decl":{"start":{"line":54,"column":16},"end":{"line":54,"column":17}},"loc":{"start":{"line":54,"column":28},"end":{"line":54,"column":92}},"line":54},"8":{"name":"(anonymous_8)","decl":{"start":{"line":55,"column":13},"end":{"line":55,"column":14}},"loc":{"start":{"line":55,"column":25},"end":{"line":73,"column":9}},"line":55},"9":{"name":"(anonymous_9)","decl":{"start":{"line":61,"column":25},"end":{"line":61,"column":26}},"loc":{"start":{"line":61,"column":43},"end":{"line":64,"column":21}},"line":61},"10":{"name":"(anonymous_10)","decl":{"start":{"line":70,"column":47},"end":{"line":70,"column":48}},"loc":{"start":{"line":70,"column":57},"end":{"line":70,"column":145}},"line":70},"11":{"name":"getBasicInfo","decl":{"start":{"line":76,"column":9},"end":{"line":76,"column":21}},"loc":{"start":{"line":85,"column":19},"end":{"line":97,"column":1}},"line":85},"12":{"name":"shrink","decl":{"start":{"line":99,"column":9},"end":{"line":99,"column":15}},"loc":{"start":{"line":99,"column":61},"end":{"line":110,"column":1}},"line":99},"13":{"name":"(anonymous_13)","decl":{"start":{"line":101,"column":16},"end":{"line":101,"column":17}},"loc":{"start":{"line":102,"column":13},"end":{"line":104,"column":57}},"line":102},"14":{"name":"(anonymous_14)","decl":{"start":{"line":105,"column":13},"end":{"line":105,"column":14}},"loc":{"start":{"line":106,"column":13},"end":{"line":107,"column":93}},"line":106},"15":{"name":"group","decl":{"start":{"line":112,"column":9},"end":{"line":112,"column":14}},"loc":{"start":{"line":112,"column":31},"end":{"line":121,"column":1}},"line":112},"16":{"name":"(anonymous_16)","decl":{"start":{"line":115,"column":13},"end":{"line":115,"column":14}},"loc":{"start":{"line":115,"column":35},"end":{"line":120,"column":9}},"line":115},"17":{"name":"(anonymous_17)","decl":{"start":{"line":117,"column":36},"end":{"line":117,"column":37}},"loc":{"start":{"line":117,"column":54},"end":{"line":117,"column":117}},"line":117},"18":{"name":"getAnnualLTTotalDays","decl":{"start":{"line":123,"column":9},"end":{"line":123,"column":29}},"loc":{"start":{"line":123,"column":49},"end":{"line":138,"column":1}},"line":123},"19":{"name":"transformToAnnualInfo","decl":{"start":{"line":145,"column":9},"end":{"line":145,"column":30}},"loc":{"start":{"line":145,"column":60},"end":{"line":151,"column":1}},"line":145},"20":{"name":"(anonymous_20)","decl":{"start":{"line":146,"column":26},"end":{"line":146,"column":27}},"loc":{"start":{"line":146,"column":32},"end":{"line":150,"column":5}},"line":146},"21":{"name":"filterWithin","decl":{"start":{"line":153,"column":9},"end":{"line":153,"column":21}},"loc":{"start":{"line":153,"column":44},"end":{"line":166,"column":1}},"line":153},"22":{"name":"(anonymous_22)","decl":{"start":{"line":155,"column":20},"end":{"line":155,"column":21}},"loc":{"start":{"line":155,"column":30},"end":{"line":164,"column":5}},"line":155},"23":{"name":"(anonymous_23)","decl":{"start":{"line":158,"column":18},"end":{"line":158,"column":19}},"loc":{"start":{"line":159,"column":16},"end":{"line":160,"column":52}},"line":159},"24":{"name":"groupBy","decl":{"start":{"line":168,"column":9},"end":{"line":168,"column":16}},"loc":{"start":{"line":168,"column":33},"end":{"line":187,"column":1}},"line":168},"25":{"name":"(anonymous_25)","decl":{"start":{"line":172,"column":75},"end":{"line":172,"column":76}},"loc":{"start":{"line":172,"column":81},"end":{"line":172,"column":83}},"line":172},"26":{"name":"(anonymous_26)","decl":{"start":{"line":173,"column":46},"end":{"line":173,"column":47}},"loc":{"start":{"line":173,"column":52},"end":{"line":173,"column":54}},"line":173},"27":{"name":"(anonymous_27)","decl":{"start":{"line":174,"column":20},"end":{"line":174,"column":21}},"loc":{"start":{"line":174,"column":30},"end":{"line":185,"column":5}},"line":174},"28":{"name":"(anonymous_28)","decl":{"start":{"line":176,"column":21},"end":{"line":176,"column":22}},"loc":{"start":{"line":176,"column":33},"end":{"line":184,"column":13}},"line":176},"29":{"name":"(anonymous_29)","decl":{"start":{"line":178,"column":50},"end":{"line":178,"column":51}},"loc":{"start":{"line":178,"column":55},"end":{"line":178,"column":75}},"line":178},"30":{"name":"filterMatchedDates","decl":{"start":{"line":189,"column":9},"end":{"line":189,"column":27}},"loc":{"start":{"line":189,"column":41},"end":{"line":193,"column":1}},"line":189},"31":{"name":"(anonymous_31)","decl":{"start":{"line":190,"column":24},"end":{"line":190,"column":25}},"loc":{"start":{"line":191,"column":8},"end":{"line":192,"column":61}},"line":191},"32":{"name":"groupByLeaveType","decl":{"start":{"line":195,"column":9},"end":{"line":195,"column":25}},"loc":{"start":{"line":195,"column":35},"end":{"line":209,"column":1}},"line":195},"33":{"name":"(anonymous_33)","decl":{"start":{"line":197,"column":20},"end":{"line":197,"column":21}},"loc":{"start":{"line":197,"column":30},"end":{"line":207,"column":5}},"line":197},"34":{"name":"(anonymous_34)","decl":{"start":{"line":198,"column":37},"end":{"line":198,"column":38}},"loc":{"start":{"line":198,"column":42},"end":{"line":198,"column":68}},"line":198},"35":{"name":"filterBetweenDates","decl":{"start":{"line":217,"column":9},"end":{"line":217,"column":27}},"loc":{"start":{"line":217,"column":49},"end":{"line":228,"column":1}},"line":217},"36":{"name":"(anonymous_36)","decl":{"start":{"line":219,"column":20},"end":{"line":219,"column":21}},"loc":{"start":{"line":219,"column":30},"end":{"line":226,"column":5}},"line":219},"37":{"name":"(anonymous_37)","decl":{"start":{"line":222,"column":18},"end":{"line":222,"column":19}},"loc":{"start":{"line":222,"column":30},"end":{"line":222,"column":87}},"line":222}},"branchMap":{"0":{"loc":{"start":{"line":19,"column":16},"end":{"line":19,"column":143}},"type":"cond-expr","locations":[{"start":{"line":19,"column":24},"end":{"line":19,"column":86}},{"start":{"line":19,"column":89},"end":{"line":19,"column":143}}],"line":19},"1":{"loc":{"start":{"line":29,"column":12},"end":{"line":48,"column":13}},"type":"if","locations":[{"start":{"line":29,"column":12},"end":{"line":48,"column":13}},{"start":{"line":29,"column":12},"end":{"line":48,"column":13}}],"line":29},"2":{"loc":{"start":{"line":38,"column":24},"end":{"line":39,"column":53}},"type":"binary-expr","locations":[{"start":{"line":38,"column":24},"end":{"line":38,"column":65}},{"start":{"line":39,"column":24},"end":{"line":39,"column":53}}],"line":38},"3":{"loc":{"start":{"line":57,"column":12},"end":{"line":72,"column":13}},"type":"if","locations":[{"start":{"line":57,"column":12},"end":{"line":72,"column":13}},{"start":{"line":57,"column":12},"end":{"line":72,"column":13}}],"line":57},"4":{"loc":{"start":{"line":99,"column":38},"end":{"line":99,"column":59}},"type":"default-arg","locations":[{"start":{"line":99,"column":55},"end":{"line":99,"column":59}}],"line":99},"5":{"loc":{"start":{"line":102,"column":13},"end":{"line":104,"column":57}},"type":"cond-expr","locations":[{"start":{"line":103,"column":16},"end":{"line":103,"column":57}},{"start":{"line":104,"column":16},"end":{"line":104,"column":57}}],"line":102},"6":{"loc":{"start":{"line":106,"column":13},"end":{"line":107,"column":93}},"type":"cond-expr","locations":[{"start":{"line":107,"column":16},"end":{"line":107,"column":22}},{"start":{"line":107,"column":25},"end":{"line":107,"column":93}}],"line":106},"7":{"loc":{"start":{"line":119,"column":35},"end":{"line":119,"column":76}},"type":"cond-expr","locations":[{"start":{"line":119,"column":43},"end":{"line":119,"column":57}},{"start":{"line":119,"column":60},"end":{"line":119,"column":76}}],"line":119},"8":{"loc":{"start":{"line":159,"column":16},"end":{"line":160,"column":52}},"type":"binary-expr","locations":[{"start":{"line":159,"column":16},"end":{"line":159,"column":24}},{"start":{"line":159,"column":28},"end":{"line":159,"column":50}},{"start":{"line":160,"column":17},"end":{"line":160,"column":23}},{"start":{"line":160,"column":27},"end":{"line":160,"column":51}}],"line":159},"9":{"loc":{"start":{"line":161,"column":8},"end":{"line":163,"column":9}},"type":"if","locations":[{"start":{"line":161,"column":8},"end":{"line":163,"column":9}},{"start":{"line":161,"column":8},"end":{"line":163,"column":9}}],"line":161},"10":{"loc":{"start":{"line":171,"column":19},"end":{"line":173,"column":55}},"type":"cond-expr","locations":[{"start":{"line":172,"column":8},"end":{"line":172,"column":84}},{"start":{"line":173,"column":8},"end":{"line":173,"column":55}}],"line":171},"11":{"loc":{"start":{"line":177,"column":30},"end":{"line":177,"column":75}},"type":"cond-expr","locations":[{"start":{"line":177,"column":38},"end":{"line":177,"column":54}},{"start":{"line":177,"column":57},"end":{"line":177,"column":75}}],"line":177},"12":{"loc":{"start":{"line":179,"column":16},"end":{"line":183,"column":17}},"type":"if","locations":[{"start":{"line":179,"column":16},"end":{"line":183,"column":17}},{"start":{"line":179,"column":16},"end":{"line":183,"column":17}}],"line":179},"13":{"loc":{"start":{"line":181,"column":25},"end":{"line":181,"column":74}},"type":"cond-expr","locations":[{"start":{"line":181,"column":33},"end":{"line":181,"column":51}},{"start":{"line":181,"column":54},"end":{"line":181,"column":74}}],"line":181},"14":{"loc":{"start":{"line":191,"column":8},"end":{"line":192,"column":61}},"type":"binary-expr","locations":[{"start":{"line":191,"column":9},"end":{"line":191,"column":19}},{"start":{"line":191,"column":23},"end":{"line":191,"column":66}},{"start":{"line":192,"column":9},"end":{"line":192,"column":17}},{"start":{"line":192,"column":21},"end":{"line":192,"column":60}}],"line":191},"15":{"loc":{"start":{"line":199,"column":8},"end":{"line":206,"column":9}},"type":"if","locations":[{"start":{"line":199,"column":8},"end":{"line":206,"column":9}},{"start":{"line":199,"column":8},"end":{"line":206,"column":9}}],"line":199},"16":{"loc":{"start":{"line":222,"column":30},"end":{"line":222,"column":87}},"type":"binary-expr","locations":[{"start":{"line":222,"column":30},"end":{"line":222,"column":38}},{"start":{"line":222,"column":42},"end":{"line":222,"column":61}},{"start":{"line":222,"column":65},"end":{"line":222,"column":87}}],"line":222},"17":{"loc":{"start":{"line":223,"column":8},"end":{"line":225,"column":9}},"type":"if","locations":[{"start":{"line":223,"column":8},"end":{"line":225,"column":9}},{"start":{"line":223,"column":8},"end":{"line":225,"column":9}}],"line":223}},"s":{"0":1,"1":1,"2":1,"3":1,"4":0,"5":0,"6":0,"7":0,"8":0,"9":0,"10":0,"11":0,"12":0,"13":0,"14":0,"15":0,"16":0,"17":0,"18":0,"19":0,"20":0,"21":0,"22":0,"23":0,"24":0,"25":0,"26":0,"27":0,"28":0,"29":0,"30":0,"31":0,"32":0,"33":0,"34":0,"35":0,"36":0,"37":0,"38":0,"39":0,"40":0,"41":0,"42":0,"43":0,"44":0,"45":0,"46":0,"47":1,"48":1,"49":1,"50":1,"51":2,"52":2,"53":2,"54":6,"55":7,"56":6,"57":4,"58":2,"59":2,"60":2,"61":29,"62":12,"63":2,"64":6,"65":10,"66":10,"67":5,"68":10,"69":9,"70":9,"71":2,"72":11,"73":23,"74":1,"75":1,"76":6,"77":7,"78":6,"79":3,"80":3,"81":1,"82":5,"83":5,"84":13,"85":15,"86":13,"87":4,"88":5},"f":{"0":0,"1":0,"2":0,"3":0,"4":0,"5":0,"6":0,"7":0,"8":0,"9":0,"10":0,"11":0,"12":0,"13":0,"14":0,"15":0,"16":0,"17":0,"18":1,"19":1,"20":2,"21":2,"22":6,"23":7,"24":2,"25":29,"26":12,"27":6,"28":10,"29":5,"30":11,"31":23,"32":1,"33":6,"34":7,"35":5,"36":13,"37":15},"b":{"0":[0,0],"1":[0,0],"2":[0,0],"3":[0,0],"4":[0],"5":[0,0],"6":[0,0],"7":[0,0],"8":[7,7,4,2],"9":[4,2],"10":[1,1],"11":[5,5],"12":[9,1],"13":[5,4],"14":[23,10,17,13],"15":[3,3],"16":[15,15,10],"17":[4,9]},"_coverageSchema":"43e27e138ebf9cfc5966b082cf9a028302ed4184","hash":"0b5fc63ee9636f24ec90bd4ae7cf1b45f27f036c"}
}
