TN:
SF:D:\repos\LOASystem\server\src\shared\report.js
FN:16,produce
FN:23,produceAnnual
FN:25,(anonymous_2)
FN:26,(anonymous_3)
FN:32,(anonymous_4)
FN:37,(anonymous_5)
FN:52,produceMonthly
FN:54,(anonymous_7)
FN:55,(anonymous_8)
FN:61,(anonymous_9)
FN:70,(anonymous_10)
FN:76,getBasicInfo
FN:99,shrink
FN:101,(anonymous_13)
FN:105,(anonymous_14)
FN:112,group
FN:115,(anonymous_16)
FN:117,(anonymous_17)
FN:123,getAnnualLTTotalDays
FN:145,transformToAnnualInfo
FN:146,(anonymous_20)
FN:153,filterWithin
FN:155,(anonymous_22)
FN:158,(anonymous_23)
FN:168,groupBy
FN:172,(anonymous_25)
FN:173,(anonymous_26)
FN:174,(anonymous_27)
FN:176,(anonymous_28)
FN:178,(anonymous_29)
FN:189,filterMatchedDates
FN:190,(anonymous_31)
FN:195,groupByLeaveType
FN:197,(anonymous_33)
FN:198,(anonymous_34)
FN:217,filterBetweenDates
FN:219,(anonymous_36)
FN:222,(anonymous_37)
FNF:38
FNH:20
FNDA:0,produce
FNDA:0,produceAnnual
FNDA:0,(anonymous_2)
FNDA:0,(anonymous_3)
FNDA:0,(anonymous_4)
FNDA:0,(anonymous_5)
FNDA:0,produceMonthly
FNDA:0,(anonymous_7)
FNDA:0,(anonymous_8)
FNDA:0,(anonymous_9)
FNDA:0,(anonymous_10)
FNDA:0,getBasicInfo
FNDA:0,shrink
FNDA:0,(anonymous_13)
FNDA:0,(anonymous_14)
FNDA:0,group
FNDA:0,(anonymous_16)
FNDA:0,(anonymous_17)
FNDA:1,getAnnualLTTotalDays
FNDA:1,transformToAnnualInfo
FNDA:2,(anonymous_20)
FNDA:2,filterWithin
FNDA:6,(anonymous_22)
FNDA:7,(anonymous_23)
FNDA:2,groupBy
FNDA:29,(anonymous_25)
FNDA:12,(anonymous_26)
FNDA:6,(anonymous_27)
FNDA:10,(anonymous_28)
FNDA:5,(anonymous_29)
FNDA:11,filterMatchedDates
FNDA:23,(anonymous_31)
FNDA:1,groupByLeaveType
FNDA:6,(anonymous_33)
FNDA:7,(anonymous_34)
FNDA:5,filterBetweenDates
FNDA:13,(anonymous_36)
FNDA:15,(anonymous_37)
DA:1,1
DA:2,1
DA:3,1
DA:5,1
DA:17,0
DA:24,0
DA:25,0
DA:27,0
DA:28,0
DA:29,0
DA:30,0
DA:31,0
DA:33,0
DA:34,0
DA:36,0
DA:38,0
DA:40,0
DA:41,0
DA:42,0
DA:43,0
DA:44,0
DA:46,0
DA:47,0
DA:53,0
DA:54,0
DA:56,0
DA:57,0
DA:58,0
DA:59,0
DA:60,0
DA:62,0
DA:63,0
DA:65,0
DA:66,0
DA:67,0
DA:69,0
DA:70,0
DA:71,0
DA:86,0
DA:100,0
DA:102,0
DA:106,0
DA:113,0
DA:116,0
DA:117,0
DA:119,0
DA:124,1
DA:125,1
DA:128,1
DA:146,2
DA:154,2
DA:155,2
DA:156,6
DA:159,7
DA:161,6
DA:162,4
DA:165,2
DA:170,2
DA:171,2
DA:172,29
DA:173,12
DA:174,2
DA:175,6
DA:177,10
DA:178,10
DA:179,10
DA:180,9
DA:182,9
DA:186,2
DA:190,11
DA:191,23
DA:196,1
DA:197,1
DA:198,7
DA:199,6
DA:200,3
DA:202,3
DA:208,1
DA:218,5
DA:219,5
DA:220,13
DA:222,15
DA:223,13
DA:224,4
DA:227,5
LF:85
LH:43
BRDA:19,0,0,0
BRDA:19,0,1,0
BRDA:29,1,0,0
BRDA:29,1,1,0
BRDA:38,2,0,0
BRDA:38,2,1,0
BRDA:57,3,0,0
BRDA:57,3,1,0
BRDA:99,4,0,0
BRDA:102,5,0,0
BRDA:102,5,1,0
BRDA:106,6,0,0
BRDA:106,6,1,0
BRDA:119,7,0,0
BRDA:119,7,1,0
BRDA:159,8,0,7
BRDA:159,8,1,7
BRDA:159,8,2,4
BRDA:159,8,3,2
BRDA:161,9,0,4
BRDA:161,9,1,2
BRDA:171,10,0,1
BRDA:171,10,1,1
BRDA:177,11,0,5
BRDA:177,11,1,5
BRDA:179,12,0,9
BRDA:179,12,1,1
BRDA:181,13,0,5
BRDA:181,13,1,4
BRDA:191,14,0,23
BRDA:191,14,1,10
BRDA:191,14,2,17
BRDA:191,14,3,13
BRDA:199,15,0,3
BRDA:199,15,1,3
BRDA:222,16,0,15
BRDA:222,16,1,15
BRDA:222,16,2,10
BRDA:223,17,0,4
BRDA:223,17,1,9
BRF:40
BRH:25
end_of_record
